{"name": "Check title of the page", "status": "failed", "statusDetails": {"message": "AssertionError\n", "trace": "  File \"c:\\users\\bid\\appdata\\local\\programs\\python\\python37-32\\lib\\site-packages\\behave\\model.py\", line 1329, in run\n    match.run(runner.context)\n  File \"c:\\users\\bid\\appdata\\local\\programs\\python\\python37-32\\lib\\site-packages\\behave\\matchers.py\", line 98, in run\n    self.func(context, *args, **kwargs)\n  File \"features\\steps\\step_verify_markup.py\", line 15, in step_impl\n    assert title in context.qa_page.get_title(context.driver)\n"}, "steps": [{"name": "Given we are on QA-engineer page", "status": "passed", "start": 1532874841811, "stop": 1532874844053}, {"name": "Then we see \"QA-engineer\" in the title", "status": "failed", "statusDetails": {"message": "AssertionError\n", "trace": "  File \"c:\\users\\bid\\appdata\\local\\programs\\python\\python37-32\\lib\\site-packages\\behave\\model.py\", line 1329, in run\n    match.run(runner.context)\n  File \"c:\\users\\bid\\appdata\\local\\programs\\python\\python37-32\\lib\\site-packages\\behave\\matchers.py\", line 98, in run\n    self.func(context, *args, **kwargs)\n  File \"features\\steps\\step_verify_markup.py\", line 15, in step_impl\n    assert title in context.qa_page.get_title(context.driver)\n"}, "start": 1532874844054, "stop": 1532874844116}], "start": 1532874841809, "stop": 1532874844505, "uuid": "d34503b2-c2dc-42cc-aa3f-f53fe65339b3", "historyId": "e87ccea4dfbfada0a4d522e0947bbdb3", "labels": [{"name": "severity", "value": "normal"}, {"name": "feature", "value": "QA middle page"}, {"name": "framework", "value": "behave"}, {"name": "language", "value": "cpython3"}]}